[debug] [2019-01-28T20:11:55.967Z] ----------------------------------------------------------------------
[debug] [2019-01-28T20:11:55.970Z] Command:       C:\Program Files\nodejs\node.exe C:\nova_local_4.3.0\Thin2\tools\deps\npm\node_modules\firebase-tools\lib\bin\firebase.js deploy
[debug] [2019-01-28T20:11:55.970Z] CLI Version:   6.2.2
[debug] [2019-01-28T20:11:55.970Z] Platform:      win32
[debug] [2019-01-28T20:11:55.970Z] Node Version:  v10.13.0
[debug] [2019-01-28T20:11:55.981Z] Time:          Mon Jan 28 2019 21:11:55 GMT+0100 (GMT+01:00)
[debug] [2019-01-28T20:11:55.981Z] ----------------------------------------------------------------------
[debug] 
[debug] [2019-01-28T20:11:56.029Z] > command requires scopes: ["email","openid","https://www.googleapis.com/auth/cloudplatformprojects.readonly","https://www.googleapis.com/auth/firebase","https://www.googleapis.com/auth/cloud-platform"]
[debug] [2019-01-28T20:11:56.030Z] > authorizing via signed-in user
[debug] [2019-01-28T20:11:56.030Z] [iam] checking project angular-sw for permissions ["firebase.projects.get","firebasehosting.sites.update"]
[debug] [2019-01-28T20:11:56.032Z] > refreshing access token with scopes: ["email","https://www.googleapis.com/auth/cloud-platform","https://www.googleapis.com/auth/cloudplatformprojects.readonly","https://www.googleapis.com/auth/firebase","openid"]
[debug] [2019-01-28T20:11:56.032Z] >>> HTTP REQUEST POST https://www.googleapis.com/oauth2/v3/token  
 <request body omitted>
[debug] [2019-01-28T20:11:56.315Z] <<< HTTP RESPONSE 200
[debug] [2019-01-28T20:11:56.348Z] >>> HTTP REQUEST POST https://cloudresourcemanager.googleapis.com/v1/projects/angular-sw:testIamPermissions  

[debug] [2019-01-28T20:11:56.714Z] Error: EPERM: operation not permitted, rename 'C:\Users\irodgali\.config\configstore\firebase-tools.json.3094894992' -> 'C:\Users\irodgali\.config\configstore\firebase-tools.json'
    at Object.renameSync (fs.js:591:3)
    at Function.writeFileSync [as sync] (C:\nova_local_4.3.0\Thin2\tools\deps\npm\node_modules\firebase-tools\node_modules\configstore\node_modules\write-file-atomic\index.js:124:8)
    at Configstore.set (C:\nova_local_4.3.0\Thin2\tools\deps\npm\node_modules\firebase-tools\node_modules\configstore\index.js:62:21)
    at Configstore.set (C:\nova_local_4.3.0\Thin2\tools\deps\npm\node_modules\firebase-tools\node_modules\configstore\index.js:93:11)
    at Request._callback (C:\nova_local_4.3.0\Thin2\tools\deps\npm\node_modules\firebase-tools\lib\fetchMOTD.js:40:25)
    at Request.self.callback (C:\nova_local_4.3.0\Thin2\tools\deps\npm\node_modules\firebase-tools\node_modules\request\request.js:185:22)
    at Request.emit (events.js:182:13)
    at Request.EventEmitter.emit (domain.js:442:20)
    at Request.<anonymous> (C:\nova_local_4.3.0\Thin2\tools\deps\npm\node_modules\firebase-tools\node_modules\request\request.js:1161:10)
    at Request.emit (events.js:182:13)
[error] 
[error] Error: An unexpected error has occurred.
[debug] [2019-01-28T20:12:33.711Z] ----------------------------------------------------------------------
[debug] [2019-01-28T20:12:33.713Z] Command:       C:\Program Files\nodejs\node.exe C:\nova_local_4.3.0\Thin2\tools\deps\npm\node_modules\firebase-tools\lib\bin\firebase.js deploy
[debug] [2019-01-28T20:12:33.713Z] CLI Version:   6.2.2
[debug] [2019-01-28T20:12:33.713Z] Platform:      win32
[debug] [2019-01-28T20:12:33.713Z] Node Version:  v10.13.0
[debug] [2019-01-28T20:12:33.715Z] Time:          Mon Jan 28 2019 21:12:33 GMT+0100 (GMT+01:00)
[debug] [2019-01-28T20:12:33.715Z] ----------------------------------------------------------------------
[debug] 
[debug] [2019-01-28T20:12:33.740Z] > command requires scopes: ["email","openid","https://www.googleapis.com/auth/cloudplatformprojects.readonly","https://www.googleapis.com/auth/firebase","https://www.googleapis.com/auth/cloud-platform"]
[debug] [2019-01-28T20:12:33.742Z] > authorizing via signed-in user
[debug] [2019-01-28T20:12:33.742Z] [iam] checking project angular-sw for permissions ["firebase.projects.get","firebasehosting.sites.update"]
[debug] [2019-01-28T20:12:33.744Z] >>> HTTP REQUEST POST https://cloudresourcemanager.googleapis.com/v1/projects/angular-sw:testIamPermissions  

[debug] [2019-01-28T20:12:34.389Z] Error: EPERM: operation not permitted, rename 'C:\Users\irodgali\.config\configstore\firebase-tools.json.2021162097' -> 'C:\Users\irodgali\.config\configstore\firebase-tools.json'
    at Object.renameSync (fs.js:591:3)
    at Function.writeFileSync [as sync] (C:\nova_local_4.3.0\Thin2\tools\deps\npm\node_modules\firebase-tools\node_modules\configstore\node_modules\write-file-atomic\index.js:124:8)
    at Configstore.set (C:\nova_local_4.3.0\Thin2\tools\deps\npm\node_modules\firebase-tools\node_modules\configstore\index.js:62:21)
    at Configstore.set (C:\nova_local_4.3.0\Thin2\tools\deps\npm\node_modules\firebase-tools\node_modules\configstore\index.js:93:11)
    at Request._callback (C:\nova_local_4.3.0\Thin2\tools\deps\npm\node_modules\firebase-tools\lib\fetchMOTD.js:40:25)
    at Request.self.callback (C:\nova_local_4.3.0\Thin2\tools\deps\npm\node_modules\firebase-tools\node_modules\request\request.js:185:22)
    at Request.emit (events.js:182:13)
    at Request.EventEmitter.emit (domain.js:442:20)
    at Request.<anonymous> (C:\nova_local_4.3.0\Thin2\tools\deps\npm\node_modules\firebase-tools\node_modules\request\request.js:1161:10)
    at Request.emit (events.js:182:13)
[error] 
[error] Error: An unexpected error has occurred.
